<?xml version="1.0" encoding="UTF-8"?>
<!-- Generated by org.testng.reporters.JUnitReportReporter -->
<testsuite hostname="DESKTOP-GOOE8VN" failures="0" tests="1" name="packOne.ClassOne" time="5.470" errors="0" timestamp="18 Jul 2025 05:27:45 GMT" skipped="0">
  <testcase classname="packOne.ClassOne" name="methodOneA" time="5.470"/>
</testsuite> <!-- packOne.ClassOne -->
