<?xml version="1.0" encoding="UTF-8"?>
<!-- Generated by org.testng.reporters.JUnitReportReporter -->
<testsuite hostname="DESKTOP-GOOE8VN" failures="0" tests="1" name="packOne.ClassThree" time="3.654" errors="0" timestamp="2025-07-18T10:57:25 IST" skipped="0">
  <testcase classname="packOne.ClassThree" name="methodThreeA" time="3.654"/>
  <system-out/>
</testsuite> <!-- packOne.ClassThree -->
