<?xml version="1.0" encoding="UTF-8"?>
<!-- Generated by org.testng.reporters.JUnitReportReporter -->
<testsuite hostname="DESKTOP-GOOE8VN" failures="0" tests="2" name="packOne.ClassTwo" time="4.627" errors="0" timestamp="2025-07-18T10:57:25 IST" skipped="0">
  <testcase classname="packOne.ClassTwo" name="methodTwoA" time="4.616"/>
  <system-out/>
  <testcase classname="packOne.ClassTwo" name="methodTwoB" time="0.011"/>
  <system-out/>
</testsuite> <!-- packOne.ClassTwo -->
